# JRE version: Java(TM) SE Runtime Environment (8.0_66-b18) (build 1.8.0_66-b18)
# Java VM: Java HotSpot(TM) 64-Bit Server VM (25.66-b18 mixed mode windows-amd64 compressed oops)
Heap:
 PSYoungGen      total 54784K, used 10884K [0x00000007bc400000, 0x00000007c0000000, 0x00000007c0000000)
  eden space 48128K, 12% used [0x00000007bc400000,0x00000007bca07870,0x00000007bf300000)
  from space 6656K, 70% used [0x00000007bf980000,0x00000007bfe19820,0x00000007c0000000)
  to   space 6656K, 0% used [0x00000007bf300000,0x00000007bf300000,0x00000007bf980000)
 ParOldGen       total 128512K, used 64865K [0x0000000700000000, 0x0000000707d80000, 0x00000007bc400000)
  object space 128512K, 50% used [0x0000000700000000,0x0000000703f586a8,0x0000000707d80000)
 Metaspace       used 64443K, capacity 64816K, committed 65408K, reserved 1105920K
  class space    used 9638K, capacity 9766K, committed 9856K, reserved 1048576K
GC Heap History (10 events):
Event: 1509.583 GC heap before
{Heap before GC invocations=102 (full 12):
 PSYoungGen      total 54272K, used 51276K [0x00000007bc400000, 0x00000007c0000000, 0x00000007c0000000)
  eden space 47104K, 100% used [0x00000007bc400000,0x00000007bf200000,0x00000007bf200000)
  from space 7168K, 58% used [0x00000007bf200000,0x00000007bf6131c8,0x00000007bf900000)
  to   space 6656K, 0% used [0x00000007bf980000,0x00000007bf980000,0x00000007c0000000)
 ParOldGen       total 128512K, used 64289K [0x0000000700000000, 0x0000000707d80000, 0x00000007bc400000)
  object space 128512K, 50% used [0x0000000700000000,0x0000000703ec8658,0x0000000707d80000)
 Metaspace       used 64221K, capacity 64592K, committed 65152K, reserved 1103872K
  class space    used 9617K, capacity 9734K, committed 9856K, reserved 1048576K
Event: 1509.592 GC heap after
Heap after GC invocations=102 (full 12):
 PSYoungGen      total 54784K, used 4559K [0x00000007bc400000, 0x00000007c0000000, 0x00000007c0000000)
  eden space 48128K, 0% used [0x00000007bc400000,0x00000007bc400000,0x00000007bf300000)
  from space 6656K, 68% used [0x00000007bf980000,0x00000007bfdf3c90,0x00000007c0000000)
  to   space 6656K, 0% used [0x00000007bf300000,0x00000007bf300000,0x00000007bf980000)
 ParOldGen       total 128512K, used 64297K [0x0000000700000000, 0x0000000707d80000, 0x00000007bc400000)
  object space 128512K, 50% used [0x0000000700000000,0x0000000703eca658,0x0000000707d80000)
 Metaspace       used 64221K, capacity 64592K, committed 65152K, reserved 1103872K
  class space    used 9617K, capacity 9734K, committed 9856K, reserved 1048576K
}
Event: 1515.812 GC heap before
{Heap before GC invocations=103 (full 12):
 PSYoungGen      total 54784K, used 52687K [0x00000007bc400000, 0x00000007c0000000, 0x00000007c0000000)
  eden space 48128K, 100% used [0x00000007bc400000,0x00000007bf300000,0x00000007bf300000)
  from space 6656K, 68% used [0x00000007bf980000,0x00000007bfdf3c90,0x00000007c0000000)
  to   space 6656K, 0% used [0x00000007bf300000,0x00000007bf300000,0x00000007bf980000)
 ParOldGen       total 128512K, used 64297K [0x0000000700000000, 0x0000000707d80000, 0x00000007bc400000)
  object space 128512K, 50% used [0x0000000700000000,0x0000000703eca658,0x0000000707d80000)
 Metaspace       used 64249K, capacity 64656K, committed 65408K, reserved 1105920K
  class space    used 9617K, capacity 9734K, committed 9856K, reserved 1048576K
Event: 1515.819 GC heap after
Heap after GC invocations=103 (full 12):
 PSYoungGen      total 54784K, used 5171K [0x00000007bc400000, 0x00000007c0000000, 0x00000007c0000000)
  eden space 48128K, 0% used [0x00000007bc400000,0x00000007bc400000,0x00000007bf300000)
  from space 6656K, 77% used [0x00000007bf300000,0x00000007bf80cc58,0x00000007bf980000)
  to   space 6656K, 0% used [0x00000007bf980000,0x00000007bf980000,0x00000007c0000000)
 ParOldGen       total 128512K, used 64297K [0x0000000700000000, 0x0000000707d80000, 0x00000007bc400000)
  object space 128512K, 50% used [0x0000000700000000,0x0000000703eca658,0x0000000707d80000)
 Metaspace       used 64249K, capacity 64656K, committed 65408K, reserved 1105920K
  class space    used 9617K, capacity 9734K, committed 9856K, reserved 1048576K
}
Event: 1519.783 GC heap before
{Heap before GC invocations=104 (full 12):
 PSYoungGen      total 54784K, used 53299K [0x00000007bc400000, 0x00000007c0000000, 0x00000007c0000000)
  eden space 48128K, 100% used [0x00000007bc400000,0x00000007bf300000,0x00000007bf300000)
  from space 6656K, 77% used [0x00000007bf300000,0x00000007bf80cc58,0x00000007bf980000)
  to   space 6656K, 0% used [0x00000007bf980000,0x00000007bf980000,0x00000007c0000000)
 ParOldGen       total 128512K, used 64297K [0x0000000700000000, 0x0000000707d80000, 0x00000007bc400000)
  object space 128512K, 50% used [0x0000000700000000,0x0000000703eca658,0x0000000707d80000)
 Metaspace       used 64272K, capacity 64656K, committed 65408K, reserved 1105920K
  class space    used 9617K, capacity 9734K, committed 9856K, reserved 1048576K
Event: 1519.790 GC heap after
Heap after GC invocations=104 (full 12):
 PSYoungGen      total 53760K, used 4993K [0x00000007bc400000, 0x00000007c0000000, 0x00000007c0000000)
  eden space 47104K, 0% used [0x00000007bc400000,0x00000007bc400000,0x00000007bf200000)
  from space 6656K, 75% used [0x00000007bf980000,0x00000007bfe60618,0x00000007c0000000)
  to   space 7168K, 0% used [0x00000007bf200000,0x00000007bf200000,0x00000007bf900000)
 ParOldGen       total 128512K, used 64633K [0x0000000700000000, 0x0000000707d80000, 0x00000007bc400000)
  object space 128512K, 50% used [0x0000000700000000,0x0000000703f1e6a8,0x0000000707d80000)
 Metaspace       used 64272K, capacity 64656K, committed 65408K, reserved 1105920K
  class space    used 9617K, capacity 9734K, committed 9856K, reserved 1048576K
}
Event: 1529.722 GC heap before
{Heap before GC invocations=105 (full 12):
 PSYoungGen      total 53760K, used 52097K [0x00000007bc400000, 0x00000007c0000000, 0x00000007c0000000)
  eden space 47104K, 100% used [0x00000007bc400000,0x00000007bf200000,0x00000007bf200000)
  from space 6656K, 75% used [0x00000007bf980000,0x00000007bfe60618,0x00000007c0000000)
  to   space 7168K, 0% used [0x00000007bf200000,0x00000007bf200000,0x00000007bf900000)
 ParOldGen       total 128512K, used 64633K [0x0000000700000000, 0x0000000707d80000, 0x00000007bc400000)
  object space 128512K, 50% used [0x0000000700000000,0x0000000703f1e6a8,0x0000000707d80000)
 Metaspace       used 64290K, capacity 64656K, committed 65408K, reserved 1105920K
  class space    used 9618K, capacity 9734K, committed 9856K, reserved 1048576K
Event: 1529.747 GC heap after
Heap after GC invocations=105 (full 12):
 PSYoungGen      total 54272K, used 4455K [0x00000007bc400000, 0x00000007c0000000, 0x00000007c0000000)
  eden space 47104K, 0% used [0x00000007bc400000,0x00000007bc400000,0x00000007bf200000)
  from space 7168K, 62% used [0x00000007bf200000,0x00000007bf659c98,0x00000007bf900000)
  to   space 6656K, 0% used [0x00000007bf980000,0x00000007bf980000,0x00000007c0000000)
 ParOldGen       total 128512K, used 64849K [0x0000000700000000, 0x0000000707d80000, 0x00000007bc400000)
  object space 128512K, 50% used [0x0000000700000000,0x0000000703f546a8,0x0000000707d80000)
 Metaspace       used 64290K, capacity 64656K, committed 65408K, reserved 1105920K
  class space    used 9618K, capacity 9734K, committed 9856K, reserved 1048576K
}
Event: 1541.984 GC heap before
{Heap before GC invocations=106 (full 12):
 PSYoungGen      total 54272K, used 51559K [0x00000007bc400000, 0x00000007c0000000, 0x00000007c0000000)
  eden space 47104K, 100% used [0x00000007bc400000,0x00000007bf200000,0x00000007bf200000)
  from space 7168K, 62% used [0x00000007bf200000,0x00000007bf659c98,0x00000007bf900000)
  to   space 6656K, 0% used [0x00000007bf980000,0x00000007bf980000,0x00000007c0000000)
 ParOldGen       total 128512K, used 64849K [0x0000000700000000, 0x0000000707d80000, 0x00000007bc400000)
  object space 128512K, 50% used [0x0000000700000000,0x0000000703f546a8,0x0000000707d80000)
 Metaspace       used 64384K, capacity 64720K, committed 65408K, reserved 1105920K
  class space    used 9632K, capacity 9734K, committed 9856K, reserved 1048576K
Event: 1541.991 GC heap after
Heap after GC invocations=106 (full 12):
 PSYoungGen      total 54784K, used 4710K [0x00000007bc400000, 0x00000007c0000000, 0x00000007c0000000)
  eden space 48128K, 0% used [0x00000007bc400000,0x00000007bc400000,0x00000007bf300000)
  from space 6656K, 70% used [0x00000007bf980000,0x00000007bfe19820,0x00000007c0000000)
  to   space 6656K, 0% used [0x00000007bf300000,0x00000007bf300000,0x00000007bf980000)
 ParOldGen       total 128512K, used 64865K [0x0000000700000000, 0x0000000707d80000, 0x00000007bc400000)
  object space 128512K, 50% used [0x0000000700000000,0x0000000703f586a8,0x0000000707d80000)
 Metaspace       used 64384K, capacity 64720K, committed 65408K, reserved 1105920K
  class space    used 9632K, capacity 9734K, committed 9856K, reserved 1048576K
}

